<?xml version="1.0" encoding="UTF-8"?>
<!-- Generated by org.testng.reporters.JUnitReportReporter -->
<testsuite hostname="L10ASO-PF0WLE4Y" name="TestNgDemo.homelone" tests="4" failures="0" timestamp="31 Jan 2020 04:39:12 GMT" time="0.003" errors="0">
  <testcase name="completehomelon" time="0.001" classname="TestNgDemo.homelone"/>
  <testcase name="loginmobileapp" time="0.001" classname="TestNgDemo.homelone"/>
  <testcase name="loginWebApp" time="0.000" classname="TestNgDemo.homelone"/>
  <testcase name="takehome" time="0.001" classname="TestNgDemo.homelone"/>
</testsuite> <!-- TestNgDemo.homelone -->
