<?xml version="1.0" encoding="UTF-8"?>
<!-- Generated by org.testng.reporters.JUnitReportReporter -->
<testsuite hostname="L10ASO-PF0WLE4Y" name="TestNgDemo.carlone" tests="4" failures="0" timestamp="31 Jan 2020 04:39:12 GMT" time="0.007" errors="0">
  <testcase name="loginmobileapp" time="0.001" classname="TestNgDemo.carlone"/>
  <testcase name="loginWebApp" time="0.002" classname="TestNgDemo.carlone"/>
  <testcase name="completecarlone" time="0.001" classname="TestNgDemo.carlone"/>
  <testcase name="takecarlone" time="0.003" classname="TestNgDemo.carlone"/>
</testsuite> <!-- TestNgDemo.carlone -->
