<?xml version="1.0" encoding="UTF-8"?>
<!-- Generated by org.testng.reporters.JUnitReportReporter -->
<testsuite hostname="L10ASO-PF0WLE4Y" name="TestNgDemo.openmultiplebrowser" tests="1" failures="0" timestamp="31 Jan 2020 04:39:12 GMT" time="10.259" errors="0">
  <testcase name="initiatebrowser" time="10.259" classname="TestNgDemo.openmultiplebrowser"/>
</testsuite> <!-- TestNgDemo.openmultiplebrowser -->
