<?xml version="1.0" encoding="UTF-8"?>
<!-- Generated by org.testng.reporters.JUnitReportReporter -->
<testsuite hostname="L10ASO-PF0WLE4Y" name="TestNgDemo.Agrilone" tests="5" failures="0" timestamp="31 Jan 2020 04:39:12 GMT" time="0.022" errors="0">
  <testcase name="takeagrilone" time="0.003" classname="TestNgDemo.Agrilone"/>
  <testcase name="loginmobileapp" time="0.001" classname="TestNgDemo.Agrilone"/>
  <testcase name="loginWebApp" time="0.001" classname="TestNgDemo.Agrilone"/>
  <testcase name="completeAgrilone" time="0.007" classname="TestNgDemo.Agrilone"/>
  <testcase name="setvariables" time="0.010" classname="TestNgDemo.Agrilone"/>
</testsuite> <!-- TestNgDemo.Agrilone -->
